{"numTotalTestSuites":2,"numPassedTestSuites":2,"numFailedTestSuites":0,"numPendingTestSuites":0,"numTotalTests":9,"numPassedTests":9,"numFailedTests":0,"numPendingTests":0,"numTodoTests":0,"snapshot":{"added":0,"failure":false,"filesAdded":0,"filesRemoved":0,"filesRemovedList":[],"filesUnmatched":0,"filesUpdated":0,"matched":1,"total":1,"unchecked":0,"uncheckedKeysByFile":[],"unmatched":0,"updated":0,"didUpdate":false},"startTime":1760533553126,"success":true,"testResults":[{"assertionResults":[{"ancestorTitles":["Input component"],"fullName":"Input component labelは表示されるか","status":"passed","title":"labelは表示されるか","duration":30.722299999999905,"failureMessages":[],"meta":{}},{"ancestorTitles":["Input component"],"fullName":"Input component labelは表示されないか","status":"passed","title":"labelは表示されないか","duration":3.3986999999999625,"failureMessages":[],"meta":{}},{"ancestorTitles":["Input component"],"fullName":"Input component 初期値の制御はできるか","status":"passed","title":"初期値の制御はできるか","duration":3.261700000000019,"failureMessages":[],"meta":{}},{"ancestorTitles":["Input component"],"fullName":"Input component onChangeイベントが発火するか","status":"passed","title":"onChangeイベントが発火するか","duration":84.30619999999999,"failureMessages":[],"meta":{}},{"ancestorTitles":["Input component"],"fullName":"Input component errorは表示されるか","status":"passed","title":"errorは表示されるか","duration":3.39670000000001,"failureMessages":[],"meta":{}},{"ancestorTitles":["Input component"],"fullName":"Input component typeが正しく反映されるか","status":"passed","title":"typeが正しく反映されるか","duration":2.355099999999993,"failureMessages":[],"meta":{}},{"ancestorTitles":["Input component"],"fullName":"Input component disabledは反映されるか","status":"passed","title":"disabledは反映されるか","duration":22.572799999999916,"failureMessages":[],"meta":{}},{"ancestorTitles":["Input component"],"fullName":"Input component disabled時にpostできるか","status":"passed","title":"disabled時にpostできるか","duration":3.626600000000053,"failureMessages":[],"meta":{}},{"ancestorTitles":["Input component"],"fullName":"Input component スナップショットテスト","status":"passed","title":"スナップショットテスト","duration":7.79099999999994,"failureMessages":[],"meta":{}}],"startTime":1760533554450,"endTime":1760533554611.791,"status":"passed","message":"","name":"C:/work/project/frontend/src/components/elements/Input.test.tsx"}]}
